Unable to capture context for thread 14296 in process 11256, can not generate back trace
Exception at PC 0x00007FFC42DCBB93
Printing stacktrace...

[0]  [0x00007FFC42DCBB93]
[1]  [0x00007FFC42DCBB93]
[2]  [0x00007FFC42DCB4A1]
[3]  [0x00007FFC42DCB3EF]
[4]  [0x00007FFC42DB19FE]
[5]  [0x00007FFC42DB0ED1]
[6]  [0x00007FFC42DB0D76]
[7]  [0x00007FFC42D579F6]
[8]  [0x00007FFC42D47AFB]
[9]  [0x00007FFC42E6E90A]
[10]  [0x00007FFC42E89F87]
[11]  [0x00007FFC42E8A05F]
[12] (BaseThreadInitThunk+0x14) [0x00007FFCB9CA3034]
[13] (RtlUserThreadStart+0x21) [0x00007FFCBA581431]
Done
Exception at PC 0x00007FFC42AD1A52
Attemped to write at address 0x00007FFC8EF3ABA4
Printing stacktrace...

[0]  [0x00007FFC42AD1A52]
[1]  [0x00007FFC42AD1A52]
[2]  [0x00007FFC42AD1AD4]
[3]  [0x00007FFC42C13FF7]
[4]  [0x00007FFC42AF9128]
[5]  [0x00007FFC42DADFB9]
[6]  [0x00007FFC42F7EF23]
[7]  [0x00007FFC42E8B06B]
[8]  [0x00007FFC42E808AF]
[9]  [0x00007FFC42E80A32]
[10] (RtlActivateActivationContextUnsafeFast+0x123) [0x00007FFCBA544023]
[11] (LdrShutdownProcess+0x125) [0x00007FFCBA5509D5]
[12] (RtlExitUserProcess+0xd8) [0x00007FFCBA550898]
[13] (FatalExit+0xa) [0x00007FFCB9CAB19A]
[14] (exit+0x75) [0x00007FFCB9A49CE5]
[15] (initterm_e+0x235) [0x00007FFCB9A4A345]
[16]  [0x00000000004014CD]
[17]  [0x000000000040151B]
[18] (BaseThreadInitThunk+0x14) [0x00007FFCB9CA3034]
[19] (RtlUserThreadStart+0x21) [0x00007FFCBA581431]
Done
