Copyright 1986-2017 Xilinx, Inc. All Rights Reserved.
----------------------------------------------------------------------------------------------------------------------------------------------------------------
| Tool Version     : Vivado v.2017.2 (win64) Build 1909853 Thu Jun 15 18:39:09 MDT 2017
| Date             : Thu Oct  4 19:23:00 2018
| Host             : DESKTOP-50SCECT running 64-bit major release  (build 9200)
| Command          : report_power -file system_wrapper_power_routed.rpt -pb system_wrapper_power_summary_routed.pb -rpx system_wrapper_power_routed.rpx
| Design           : system_wrapper
| Device           : xc7z020clg400-1
| Design State     : routed
| Grade            : commercial
| Process          : typical
| Characterization : Production
----------------------------------------------------------------------------------------------------------------------------------------------------------------

Power Report

Table of Contents
-----------------
1. Summary
1.1 On-Chip Components
1.2 Power Supply Summary
1.3 Confidence Level
2. Settings
2.1 Environment
2.2 Clock Constraints
3. Detailed Reports
3.1 By Hierarchy

1. Summary
----------

+--------------------------+-------+
| Total On-Chip Power (W)  | 1.433 |
| Dynamic (W)              | 1.287 |
| Device Static (W)        | 0.146 |
| Effective TJA (C/W)      | 11.5  |
| Max Ambient (C)          | 68.5  |
| Junction Temperature (C) | 41.5  |
| Confidence Level         | Low   |
| Setting File             | ---   |
| Simulation Activity File | ---   |
| Design Nets Matched      | NA    |
+--------------------------+-------+


1.1 On-Chip Components
----------------------

+-------------------------+-----------+----------+-----------+-----------------+
| On-Chip                 | Power (W) | Used     | Available | Utilization (%) |
+-------------------------+-----------+----------+-----------+-----------------+
| Clocks                  |     0.011 |        3 |       --- |             --- |
| Slice Logic             |     0.005 |     5123 |       --- |             --- |
|   LUT as Logic          |     0.004 |     1816 |     53200 |            3.41 |
|   Register              |    <0.001 |     2299 |    106400 |            2.16 |
|   CARRY4                |    <0.001 |       62 |     13300 |            0.47 |
|   LUT as Shift Register |    <0.001 |      165 |     17400 |            0.95 |
|   Others                |     0.000 |      342 |       --- |             --- |
|   F7/F8 Muxes           |     0.000 |       32 |     53200 |            0.06 |
| Signals                 |     0.006 |     3757 |       --- |             --- |
| Block RAM               |     0.002 |        2 |       140 |            1.43 |
| I/O                     |     0.005 |       18 |       125 |           14.40 |
| PS7                     |     1.259 |        1 |       --- |             --- |
| Static Power            |     0.146 |          |           |                 |
| Total                   |     1.433 |          |           |                 |
+-------------------------+-----------+----------+-----------+-----------------+


1.2 Power Supply Summary
------------------------

+-----------+-------------+-----------+-------------+------------+
| Source    | Voltage (V) | Total (A) | Dynamic (A) | Static (A) |
+-----------+-------------+-----------+-------------+------------+
| Vccint    |       1.000 |     0.036 |       0.023 |      0.013 |
| Vccaux    |       1.800 |     0.020 |       0.000 |      0.020 |
| Vcco33    |       3.300 |     0.002 |       0.001 |      0.001 |
| Vcco25    |       2.500 |     0.000 |       0.000 |      0.000 |
| Vcco18    |       1.800 |     0.000 |       0.000 |      0.000 |
| Vcco15    |       1.500 |     0.000 |       0.000 |      0.000 |
| Vcco135   |       1.350 |     0.000 |       0.000 |      0.000 |
| Vcco12    |       1.200 |     0.000 |       0.000 |      0.000 |
| Vccaux_io |       1.800 |     0.000 |       0.000 |      0.000 |
| Vccbram   |       1.000 |     0.001 |       0.000 |      0.001 |
| MGTAVcc   |       1.000 |     0.000 |       0.000 |      0.000 |
| MGTAVtt   |       1.200 |     0.000 |       0.000 |      0.000 |
| MGTVccaux |       1.800 |     0.000 |       0.000 |      0.000 |
| Vccpint   |       1.000 |     0.679 |       0.652 |      0.027 |
| Vccpaux   |       1.800 |     0.036 |       0.025 |      0.010 |
| Vccpll    |       1.800 |     0.018 |       0.015 |      0.003 |
| Vcco_ddr  |       1.500 |     0.354 |       0.352 |      0.002 |
| Vcco_mio0 |       1.800 |     0.004 |       0.003 |      0.001 |
| Vcco_mio1 |       1.800 |     0.000 |       0.000 |      0.000 |
| Vccadc    |       1.800 |     0.020 |       0.000 |      0.020 |
+-----------+-------------+-----------+-------------+------------+


1.3 Confidence Level
--------------------

+-----------------------------+------------+--------------------------------------------------------+------------------------------------------------------------------------------------------------------------+
| User Input Data             | Confidence | Details                                                | Action                                                                                                     |
+-----------------------------+------------+--------------------------------------------------------+------------------------------------------------------------------------------------------------------------+
| Design implementation state | High       | Design is routed                                       |                                                                                                            |
| Clock nodes activity        | High       | User specified more than 95% of clocks                 |                                                                                                            |
| I/O nodes activity          | Low        | More than 75% of inputs are missing user specification | Provide missing input activity with simulation results or by editing the "By Resource Type -> I/Os" view   |
| Internal nodes activity     | Medium     | User specified less than 25% of internal nodes         | Provide missing internal nodes activity with simulation results or by editing the "By Resource Type" views |
| Device models               | High       | Device models are Production                           |                                                                                                            |
|                             |            |                                                        |                                                                                                            |
| Overall confidence level    | Low        |                                                        |                                                                                                            |
+-----------------------------+------------+--------------------------------------------------------+------------------------------------------------------------------------------------------------------------+


2. Settings
-----------

2.1 Environment
---------------

+-----------------------+------------------------+
| Ambient Temp (C)      | 25.0                   |
| ThetaJA (C/W)         | 11.5                   |
| Airflow (LFM)         | 250                    |
| Heat Sink             | none                   |
| ThetaSA (C/W)         | 0.0                    |
| Board Selection       | medium (10"x10")       |
| # of Board Layers     | 8to11 (8 to 11 Layers) |
| Board Temperature (C) | 25.0                   |
+-----------------------+------------------------+


2.2 Clock Constraints
---------------------

+------------+-----------------------------------------------------------+-----------------+
| Clock      | Domain                                                    | Constraint (ns) |
+------------+-----------------------------------------------------------+-----------------+
| clk_fpga_0 | system_i/processing_system7_0/inst/FCLK_CLK_unbuffered[0] |            10.0 |
+------------+-----------------------------------------------------------+-----------------+


3. Detailed Reports
-------------------

3.1 By Hierarchy
----------------

+-----------------------------------------------------------------+-----------+
| Name                                                            | Power (W) |
+-----------------------------------------------------------------+-----------+
| system_wrapper                                                  |     1.287 |
|   system_i                                                      |     1.282 |
|     axi_bram_ctrl_0                                             |     0.002 |
|       U0                                                        |     0.002 |
|         gext_inst.abcv4_0_ext_inst                              |     0.002 |
|           GEN_AXI4.I_FULL_AXI                                   |     0.002 |
|             GEN_ARB.I_SNG_PORT                                  |    <0.001 |
|             I_RD_CHNL                                           |     0.001 |
|               I_WRAP_BRST                                       |    <0.001 |
|             I_WR_CHNL                                           |    <0.001 |
|               BID_FIFO                                          |    <0.001 |
|               I_WRAP_BRST                                       |    <0.001 |
|     blk_mem_gen_0                                               |     0.002 |
|       U0                                                        |     0.002 |
|         inst_blk_mem_gen                                        |     0.002 |
|           gnbram.gnative_mem_map_bmg.native_mem_map_blk_mem_gen |     0.002 |
|             valid.cstr                                          |     0.002 |
|               ramloop[0].ram.r                                  |     0.001 |
|                 prim_noinit.ram                                 |     0.001 |
|               ramloop[1].ram.r                                  |     0.001 |
|                 prim_noinit.ram                                 |     0.001 |
|     buttons                                                     |    <0.001 |
|       U0                                                        |    <0.001 |
|         AXI_LITE_IPIF_I                                         |    <0.001 |
|           I_SLAVE_ATTACHMENT                                    |    <0.001 |
|             I_DECODER                                           |    <0.001 |
|         gpio_core_1                                             |    <0.001 |
|           Not_Dual.INPUT_DOUBLE_REGS3                           |    <0.001 |
|     led_ip_0                                                    |     0.001 |
|       inst                                                      |     0.001 |
|         led_ip_v1_0_S_AXI_inst                                  |     0.001 |
|           U1                                                    |    <0.001 |
|     processing_system7_0                                        |     1.260 |
|       inst                                                      |     1.260 |
|     ps7_0_axi_periph                                            |     0.015 |
|       m00_couplers                                              |     0.003 |
|         auto_pc                                                 |     0.003 |
|           inst                                                  |     0.003 |
|             gen_axilite.gen_b2s_conv.axilite_b2s                |     0.003 |
|               RD.ar_channel_0                                   |    <0.001 |
|                 ar_cmd_fsm_0                                    |    <0.001 |
|                 cmd_translator_0                                |    <0.001 |
|                   incr_cmd_0                                    |    <0.001 |
|                   wrap_cmd_0                                    |    <0.001 |
|               RD.r_channel_0                                    |    <0.001 |
|                 rd_data_fifo_0                                  |    <0.001 |
|                 transaction_fifo_0                              |    <0.001 |
|               SI_REG                                            |     0.001 |
|                 ar_pipe                                         |    <0.001 |
|                 aw_pipe                                         |    <0.001 |
|                 b_pipe                                          |    <0.001 |
|                 r_pipe                                          |    <0.001 |
|               WR.aw_channel_0                                   |     0.001 |
|                 aw_cmd_fsm_0                                    |    <0.001 |
|                 cmd_translator_0                                |    <0.001 |
|                   incr_cmd_0                                    |    <0.001 |
|                   wrap_cmd_0                                    |    <0.001 |
|               WR.b_channel_0                                    |    <0.001 |
|                 bid_fifo_0                                      |    <0.001 |
|                 bresp_fifo_0                                    |    <0.001 |
|       m01_couplers                                              |     0.003 |
|         auto_pc                                                 |     0.003 |
|           inst                                                  |     0.003 |
|             gen_axilite.gen_b2s_conv.axilite_b2s                |     0.003 |
|               RD.ar_channel_0                                   |    <0.001 |
|                 ar_cmd_fsm_0                                    |    <0.001 |
|                 cmd_translator_0                                |    <0.001 |
|                   incr_cmd_0                                    |    <0.001 |
|                   wrap_cmd_0                                    |    <0.001 |
|               RD.r_channel_0                                    |    <0.001 |
|                 rd_data_fifo_0                                  |    <0.001 |
|                 transaction_fifo_0                              |    <0.001 |
|               SI_REG                                            |     0.001 |
|                 ar_pipe                                         |    <0.001 |
|                 aw_pipe                                         |    <0.001 |
|                 b_pipe                                          |    <0.001 |
|                 r_pipe                                          |    <0.001 |
|               WR.aw_channel_0                                   |    <0.001 |
|                 aw_cmd_fsm_0                                    |    <0.001 |
|                 cmd_translator_0                                |    <0.001 |
|                   incr_cmd_0                                    |    <0.001 |
|                   wrap_cmd_0                                    |    <0.001 |
|               WR.b_channel_0                                    |    <0.001 |
|                 bid_fifo_0                                      |    <0.001 |
|                 bresp_fifo_0                                    |    <0.001 |
|       m02_couplers                                              |     0.003 |
|         auto_pc                                                 |     0.003 |
|           inst                                                  |     0.003 |
|             gen_axilite.gen_b2s_conv.axilite_b2s                |     0.003 |
|               RD.ar_channel_0                                   |    <0.001 |
|                 ar_cmd_fsm_0                                    |    <0.001 |
|                 cmd_translator_0                                |    <0.001 |
|                   incr_cmd_0                                    |    <0.001 |
|                   wrap_cmd_0                                    |    <0.001 |
|               RD.r_channel_0                                    |    <0.001 |
|                 rd_data_fifo_0                                  |    <0.001 |
|                 transaction_fifo_0                              |    <0.001 |
|               SI_REG                                            |     0.001 |
|                 ar_pipe                                         |    <0.001 |
|                 aw_pipe                                         |    <0.001 |
|                 b_pipe                                          |    <0.001 |
|                 r_pipe                                          |    <0.001 |
|               WR.aw_channel_0                                   |    <0.001 |
|                 aw_cmd_fsm_0                                    |    <0.001 |
|                 cmd_translator_0                                |    <0.001 |
|                   incr_cmd_0                                    |    <0.001 |
|                   wrap_cmd_0                                    |    <0.001 |
|               WR.b_channel_0                                    |    <0.001 |
|                 bid_fifo_0                                      |    <0.001 |
|                 bresp_fifo_0                                    |    <0.001 |
|       m03_couplers                                              |     0.003 |
|         auto_pc                                                 |     0.003 |
|           inst                                                  |     0.003 |
|             gen_axilite.gen_b2s_conv.axilite_b2s                |     0.003 |
|               RD.ar_channel_0                                   |    <0.001 |
|                 ar_cmd_fsm_0                                    |    <0.001 |
|                 cmd_translator_0                                |    <0.001 |
|                   incr_cmd_0                                    |    <0.001 |
|                   wrap_cmd_0                                    |    <0.001 |
|               RD.r_channel_0                                    |    <0.001 |
|                 rd_data_fifo_0                                  |    <0.001 |
|                 transaction_fifo_0                              |    <0.001 |
|               SI_REG                                            |     0.001 |
|                 ar_pipe                                         |    <0.001 |
|                 aw_pipe                                         |    <0.001 |
|                 b_pipe                                          |    <0.001 |
|                 r_pipe                                          |    <0.001 |
|               WR.aw_channel_0                                   |    <0.001 |
|                 aw_cmd_fsm_0                                    |    <0.001 |
|                 cmd_translator_0                                |    <0.001 |
|                   incr_cmd_0                                    |    <0.001 |
|                   wrap_cmd_0                                    |    <0.001 |
|               WR.b_channel_0                                    |    <0.001 |
|                 bid_fifo_0                                      |    <0.001 |
|                 bresp_fifo_0                                    |    <0.001 |
|       s00_couplers                                              |     0.000 |
|         auto_pc                                                 |     0.000 |
|           inst                                                  |     0.000 |
|       xbar                                                      |     0.002 |
|         inst                                                    |     0.002 |
|           gen_sasd.crossbar_sasd_0                              |     0.002 |
|             addr_arbiter_inst                                   |    <0.001 |
|             gen_decerr.decerr_slave_inst                        |    <0.001 |
|             reg_slice_r                                         |    <0.001 |
|             splitter_ar                                         |    <0.001 |
|             splitter_aw                                         |    <0.001 |
|     rst_ps7_0_100M                                              |    <0.001 |
|       U0                                                        |    <0.001 |
|         EXT_LPF                                                 |    <0.001 |
|           ACTIVE_LOW_EXT.ACT_LO_EXT                             |    <0.001 |
|         SEQ                                                     |    <0.001 |
|           SEQ_COUNTER                                           |    <0.001 |
|     seven_seg_ip                                                |     0.002 |
|       inst                                                      |     0.002 |
|         seven_seg_ip_v1_0_S_AXI_inst                            |     0.002 |
|           U1                                                    |    <0.001 |
|             clk_slow                                            |    <0.001 |
|             dec1                                                |    <0.001 |
|     switches                                                    |    <0.001 |
|       U0                                                        |    <0.001 |
|         AXI_LITE_IPIF_I                                         |    <0.001 |
|           I_SLAVE_ATTACHMENT                                    |    <0.001 |
|             I_DECODER                                           |    <0.001 |
|         gpio_core_1                                             |    <0.001 |
|           Not_Dual.INPUT_DOUBLE_REGS3                           |    <0.001 |
+-----------------------------------------------------------------+-----------+


