20:19:52 **** Incremental Build of configuration Debug for project HELLO_WORLD ****
make pre-build main-build 
a9-linaro-pre-build-step
' '
make: Für das Ziel »main-build« ist nichts zu tun.
20:20:02 **** Incremental Build of configuration Debug for project HELLO_WORLD ****
make pre-build main-build 
a9-linaro-pre-build-step
' '
make: Für das Ziel »main-build« ist nichts zu tun.
20:22:05 **** Incremental Build of configuration Debug for project HELLO_WORLD ****
make pre-build main-build 
a9-linaro-pre-build-step
' '
make: Für das Ziel »main-build« ist nichts zu tun.
10:31:14 **** Incremental Build of configuration Debug for project HELLO_WORLD ****
make pre-build main-build 
a9-linaro-pre-build-step
' '
make: Für das Ziel »main-build« ist nichts zu tun.
