This is pdfTeX, Version 3.14159265-2.6-1.40.19 (MiKTeX 2.9.6730 64-bit) (preloaded format=pdflatex 2018.9.10)  5 DEC 2018 02:18
entering extended mode
**./reportLab11Python.tex
(reportLab11Python.tex
LaTeX2e <2018-04-01> patch level 5
("C:\Users\schwa\AppData\Local\Programs\MiKTeX 2.9\tex\latex\base\article.cls"
Document Class: article 2014/09/29 v1.4h Standard LaTeX document class
("C:\Users\schwa\AppData\Local\Programs\MiKTeX 2.9\tex\latex\base\size10.clo"
File: size10.clo 2014/09/29 v1.4h Standard LaTeX file (size option)
)
\c@part=\count80
\c@section=\count81
\c@subsection=\count82
\c@subsubsection=\count83
\c@paragraph=\count84
\c@subparagraph=\count85
\c@figure=\count86
\c@table=\count87
\abovecaptionskip=\skip41
\belowcaptionskip=\skip42
\bibindent=\dimen102
) ("C:\Users\schwa\AppData\Local\Programs\MiKTeX 2.9\tex\latex\import\import.st
y"
Package: import 2009/03/23  v 5.1
)
("C:\Users\schwa\AppData\Local\Programs\MiKTeX 2.9\tex\latex\blindtext\blindtex
t.sty"
Package: blindtext 2012/01/06 V2.0 blindtext-Package

("C:\Users\schwa\AppData\Local\Programs\MiKTeX 2.9\tex\latex\tools\xspace.sty"
Package: xspace 2014/10/28 v1.13 Space after command names (DPC,MH)
)
\c@blindtext=\count88
\c@Blindtext=\count89
\c@blind@countparstart=\count90
\blind@countxx=\count91
\blindtext@numBlindtext=\count92
\blind@countyy=\count93
\c@blindlist=\count94
\c@blindlistlevel=\count95
\c@blindlist@level=\count96
\blind@listitem=\count97
\c@blind@listcount=\count98
\c@blind@levelcount=\count99
\blind@mathformula=\count100
\blind@Mathformula=\count101
\c@blind@randomcount=\count102
\c@blind@randommax=\count103
\c@blind@pangramcount=\count104
\c@blind@pangrammax=\count105
) ("C:\Users\schwa\AppData\Local\Programs\MiKTeX 2.9\tex\latex\base\inputenc.st
y"
Package: inputenc 2018/04/06 v1.3b Input encoding file
\inpenc@prehook=\toks14
\inpenc@posthook=\toks15
)
("C:\Users\schwa\AppData\Local\Programs\MiKTeX 2.9\tex\latex\base\fontenc.sty"
Package: fontenc 2017/04/05 v2.0i Standard LaTeX package

("C:\Users\schwa\AppData\Local\Programs\MiKTeX 2.9\tex\latex\base\t1enc.def"
File: t1enc.def 2017/04/05 v2.0i Standard LaTeX file
LaTeX Font Info:    Redeclaring font encoding T1 on input line 48.
))
("C:\Users\schwa\AppData\Local\Programs\MiKTeX 2.9\tex\latex\wasysym\wasysym.st
y"
Package: wasysym 2003/10/30 v2.0 Wasy-2 symbol support package
\symwasy=\mathgroup4
LaTeX Font Info:    Overwriting symbol font `wasy' in version `bold'
(Font)                  U/wasy/m/n --> U/wasy/b/n on input line 90.
)
("C:\Users\schwa\AppData\Local\Programs\MiKTeX 2.9\tex\latex\tools\enumerate.st
y"
Package: enumerate 2015/07/23 v3.00 enumerate extensions (DPC)
\@enLab=\toks16
)
("C:\Users\schwa\AppData\Local\Programs\MiKTeX 2.9\tex\latex\hyperref\hyperref.
sty"
Package: hyperref 2018/02/06 v6.86b Hypertext links for LaTeX

("C:\Users\schwa\AppData\Local\Programs\MiKTeX 2.9\tex\generic\oberdiek\hobsub-
hyperref.sty"
Package: hobsub-hyperref 2016/05/16 v1.14 Bundle oberdiek, subset hyperref (HO)


("C:\Users\schwa\AppData\Local\Programs\MiKTeX 2.9\tex\generic\oberdiek\hobsub-
generic.sty"
Package: hobsub-generic 2016/05/16 v1.14 Bundle oberdiek, subset generic (HO)
Package: hobsub 2016/05/16 v1.14 Construct package bundles (HO)
Package: infwarerr 2016/05/16 v1.4 Providing info/warning/error messages (HO)
Package: ltxcmds 2016/05/16 v1.23 LaTeX kernel commands for general use (HO)
Package: ifluatex 2016/05/16 v1.4 Provides the ifluatex switch (HO)
Package ifluatex Info: LuaTeX not detected.
Package: ifvtex 2016/05/16 v1.6 Detect VTeX and its facilities (HO)
Package ifvtex Info: VTeX not detected.
Package: intcalc 2016/05/16 v1.2 Expandable calculations with integers (HO)
Package: ifpdf 2017/03/15 v3.2 Provides the ifpdf switch
Package: etexcmds 2016/05/16 v1.6 Avoid name clashes with e-TeX commands (HO)
Package etexcmds Info: Could not find \expanded.
(etexcmds)             That can mean that you are not using pdfTeX 1.50 or
(etexcmds)             that some package has redefined \expanded.
(etexcmds)             In the latter case, load this package earlier.
Package: kvsetkeys 2016/05/16 v1.17 Key value parser (HO)
Package: kvdefinekeys 2016/05/16 v1.4 Define keys (HO)
Package: pdftexcmds 2018/01/30 v0.27 Utility functions of pdfTeX for LuaTeX (HO
)
Package pdftexcmds Info: LuaTeX not detected.
Package pdftexcmds Info: \pdf@primitive is available.
Package pdftexcmds Info: \pdf@ifprimitive is available.
Package pdftexcmds Info: \pdfdraftmode found.
Package: pdfescape 2016/05/16 v1.14 Implements pdfTeX's escape features (HO)
Package: bigintcalc 2016/05/16 v1.4 Expandable calculations on big integers (HO
)
Package: bitset 2016/05/16 v1.2 Handle bit-vector datatype (HO)
Package: uniquecounter 2016/05/16 v1.3 Provide unlimited unique counter (HO)
)
Package hobsub Info: Skipping package `hobsub' (already loaded).
Package: letltxmacro 2016/05/16 v1.5 Let assignment for LaTeX macros (HO)
Package: hopatch 2016/05/16 v1.3 Wrapper for package hooks (HO)
Package: xcolor-patch 2016/05/16 xcolor patch
Package: atveryend 2016/05/16 v1.9 Hooks at the very end of document (HO)
Package atveryend Info: \enddocument detected (standard20110627).
Package: atbegshi 2016/06/09 v1.18 At begin shipout hook (HO)
Package: refcount 2016/05/16 v3.5 Data extraction from label references (HO)
Package: hycolor 2016/05/16 v1.8 Color options for hyperref/bookmark (HO)
)
("C:\Users\schwa\AppData\Local\Programs\MiKTeX 2.9\tex\latex\graphics\keyval.st
y"
Package: keyval 2014/10/28 v1.15 key=value parser (DPC)
\KV@toks@=\toks17
)
("C:\Users\schwa\AppData\Local\Programs\MiKTeX 2.9\tex\generic\ifxetex\ifxetex.
sty"
Package: ifxetex 2010/09/12 v0.6 Provides ifxetex conditional
)
("C:\Users\schwa\AppData\Local\Programs\MiKTeX 2.9\tex\latex\oberdiek\auxhook.s
ty"
Package: auxhook 2016/05/16 v1.4 Hooks for auxiliary files (HO)
)
("C:\Users\schwa\AppData\Local\Programs\MiKTeX 2.9\tex\latex\oberdiek\kvoptions
.sty"
Package: kvoptions 2016/05/16 v3.12 Key value format for package options (HO)
)
\@linkdim=\dimen103
\Hy@linkcounter=\count106
\Hy@pagecounter=\count107

("C:\Users\schwa\AppData\Local\Programs\MiKTeX 2.9\tex\latex\hyperref\pd1enc.de
f"
File: pd1enc.def 2018/02/06 v6.86b Hyperref: PDFDocEncoding definition (HO)
Now handling font encoding PD1 ...
... no UTF-8 mapping file for font encoding PD1
)
\Hy@SavedSpaceFactor=\count108

("C:\Users\schwa\AppData\Local\Programs\MiKTeX 2.9\tex\latex\00miktex\hyperref.
cfg"
File: hyperref.cfg 2002/06/06 v1.2 hyperref configuration of TeXLive
)
Package hyperref Info: Hyper figures OFF on input line 4509.
Package hyperref Info: Link nesting OFF on input line 4514.
Package hyperref Info: Hyper index ON on input line 4517.
Package hyperref Info: Plain pages OFF on input line 4524.
Package hyperref Info: Backreferencing OFF on input line 4529.
Package hyperref Info: Implicit mode ON; LaTeX internals redefined.
Package hyperref Info: Bookmarks ON on input line 4762.
\c@Hy@tempcnt=\count109
 ("C:\Users\schwa\AppData\Local\Programs\MiKTeX 2.9\tex\latex\url\url.sty"
\Urlmuskip=\muskip10
Package: url 2013/09/16  ver 3.4  Verb mode for urls, etc.
)
LaTeX Info: Redefining \url on input line 5115.
\XeTeXLinkMargin=\dimen104
\Fld@menulength=\count110
\Field@Width=\dimen105
\Fld@charsize=\dimen106
Package hyperref Info: Hyper figures OFF on input line 6369.
Package hyperref Info: Link nesting OFF on input line 6374.
Package hyperref Info: Hyper index ON on input line 6377.
Package hyperref Info: backreferencing OFF on input line 6384.
Package hyperref Info: Link coloring OFF on input line 6389.
Package hyperref Info: Link coloring with OCG OFF on input line 6394.
Package hyperref Info: PDF/A mode OFF on input line 6399.
LaTeX Info: Redefining \ref on input line 6439.
LaTeX Info: Redefining \pageref on input line 6443.
\Hy@abspage=\count111
\c@Item=\count112
\c@Hfootnote=\count113
)
Package hyperref Info: Driver (autodetected): hpdftex.

("C:\Users\schwa\AppData\Local\Programs\MiKTeX 2.9\tex\latex\hyperref\hpdftex.d
ef"
File: hpdftex.def 2018/02/06 v6.86b Hyperref driver for pdfTeX
\Fld@listcount=\count114
\c@bookmark@seq@number=\count115

("C:\Users\schwa\AppData\Local\Programs\MiKTeX 2.9\tex\latex\oberdiek\rerunfile
check.sty"
Package: rerunfilecheck 2016/05/16 v1.8 Rerun checks for auxiliary files (HO)
Package uniquecounter Info: New unique counter `rerunfilecheck' on input line 2
82.
)
\Hy@SectionHShift=\skip43
)
("C:\Users\schwa\AppData\Local\Programs\MiKTeX 2.9\tex\latex\graphics\graphicx.
sty"
Package: graphicx 2017/06/01 v1.1a Enhanced LaTeX Graphics (DPC,SPQR)

("C:\Users\schwa\AppData\Local\Programs\MiKTeX 2.9\tex\latex\graphics\graphics.
sty"
Package: graphics 2017/06/25 v1.2c Standard LaTeX Graphics (DPC,SPQR)

("C:\Users\schwa\AppData\Local\Programs\MiKTeX 2.9\tex\latex\graphics\trig.sty"
Package: trig 2016/01/03 v1.10 sin cos tan (DPC)
)
("C:\Users\schwa\AppData\Local\Programs\MiKTeX 2.9\tex\latex\graphics-cfg\graph
ics.cfg"
File: graphics.cfg 2016/06/04 v1.11 sample graphics configuration
)
Package graphics Info: Driver file: pdftex.def on input line 99.

("C:\Users\schwa\AppData\Local\Programs\MiKTeX 2.9\tex\latex\graphics-def\pdfte
x.def"
File: pdftex.def 2018/01/08 v1.0l Graphics/color driver for pdftex
))
\Gin@req@height=\dimen107
\Gin@req@width=\dimen108
)
("C:\Users\schwa\AppData\Local\Programs\MiKTeX 2.9\tex\latex\xcolor\xcolor.sty"
Package: xcolor 2016/05/11 v2.12 LaTeX color extensions (UK)

("C:\Users\schwa\AppData\Local\Programs\MiKTeX 2.9\tex\latex\graphics-cfg\color
.cfg"
File: color.cfg 2016/01/02 v1.6 sample color configuration
)
Package xcolor Info: Driver file: pdftex.def on input line 225.

("C:\Users\schwa\AppData\Local\Programs\MiKTeX 2.9\tex\latex\colortbl\colortbl.
sty"
Package: colortbl 2018/05/02 v1.0c Color table columns (DPC)

("C:\Users\schwa\AppData\Local\Programs\MiKTeX 2.9\tex\latex\tools\array.sty"
Package: array 2018/04/30 v2.4h Tabular extension package (FMi)
\col@sep=\dimen109
\ar@mcellbox=\box26
\extrarowheight=\dimen110
\NC@list=\toks18
\extratabsurround=\skip44
\backup@length=\skip45
\ar@cellbox=\box27
)
\everycr=\toks19
\minrowclearance=\skip46
)
\rownum=\count116
Package xcolor Info: Model `cmy' substituted by `cmy0' on input line 1348.
Package xcolor Info: Model `hsb' substituted by `rgb' on input line 1352.
Package xcolor Info: Model `RGB' extended on input line 1364.
Package xcolor Info: Model `HTML' substituted by `rgb' on input line 1366.
Package xcolor Info: Model `Hsb' substituted by `hsb' on input line 1367.
Package xcolor Info: Model `tHsb' substituted by `hsb' on input line 1368.
Package xcolor Info: Model `HSB' substituted by `hsb' on input line 1369.
Package xcolor Info: Model `Gray' substituted by `gray' on input line 1370.
Package xcolor Info: Model `wave' substituted by `hsb' on input line 1371.
)
("C:\Users\schwa\AppData\Local\Programs\MiKTeX 2.9\tex\latex\listings\listings.
sty"
\lst@mode=\count117
\lst@gtempboxa=\box28
\lst@token=\toks20
\lst@length=\count118
\lst@currlwidth=\dimen111
\lst@column=\count119
\lst@pos=\count120
\lst@lostspace=\dimen112
\lst@width=\dimen113
\lst@newlines=\count121
\lst@lineno=\count122
\lst@maxwidth=\dimen114

("C:\Users\schwa\AppData\Local\Programs\MiKTeX 2.9\tex\latex\listings\lstmisc.s
ty"
File: lstmisc.sty 2018/09/02 1.7 (Carsten Heinz)
\c@lstnumber=\count123
\lst@skipnumbers=\count124
\lst@framebox=\box29
)
("C:\Users\schwa\AppData\Local\Programs\MiKTeX 2.9\tex\latex\listings\listings.
cfg"
File: listings.cfg 2018/09/02 1.7 listings configuration
))
Package: listings 2018/09/02 1.7 (Carsten Heinz)

("C:\Users\schwa\AppData\Local\Programs\MiKTeX 2.9\tex\latex\caption\caption.st
y"
Package: caption 2018/05/01 v3.3-147 Customizing captions (AR)

("C:\Users\schwa\AppData\Local\Programs\MiKTeX 2.9\tex\latex\caption\caption3.s
ty"
Package: caption3 2018/05/27 v1.8a caption3 kernel (AR)
Package caption3 Info: TeX engine: e-TeX on input line 64.
\captionmargin=\dimen115
\captionmargin@=\dimen116
\captionwidth=\dimen117
\caption@tempdima=\dimen118
\caption@indent=\dimen119
\caption@parindent=\dimen120
\caption@hangindent=\dimen121
)
\c@ContinuedFloat=\count125
Package caption Info: hyperref package is loaded.
Package caption Info: listings package is loaded.
)
("C:\Users\schwa\AppData\Local\Programs\MiKTeX 2.9\tex\latex\geometry\geometry.
sty"
Package: geometry 2018/04/16 v5.8 Page Geometry
\Gm@cnth=\count126
\Gm@cntv=\count127
\c@Gm@tempcnt=\count128
\Gm@bindingoffset=\dimen122
\Gm@wd@mp=\dimen123
\Gm@odd@mp=\dimen124
\Gm@even@mp=\dimen125
\Gm@layoutwidth=\dimen126
\Gm@layoutheight=\dimen127
\Gm@layouthoffset=\dimen128
\Gm@layoutvoffset=\dimen129
\Gm@dimlist=\toks21

("C:\Users\schwa\AppData\Local\Programs\MiKTeX 2.9\tex\latex\geometry\geometry.
cfg"))
("C:\Users\schwa\AppData\Local\Programs\MiKTeX 2.9\tex\latex\pdfpages\pdfpages.
sty"
Package: pdfpages 2017/10/31 v0.5l Insert pages of external PDF documents (AM)

("C:\Users\schwa\AppData\Local\Programs\MiKTeX 2.9\tex\latex\base\ifthen.sty"
Package: ifthen 2014/09/29 v1.1c Standard LaTeX ifthen package (DPC)
)
("C:\Users\schwa\AppData\Local\Programs\MiKTeX 2.9\tex\latex\tools\calc.sty"
Package: calc 2017/05/25 v4.3 Infix arithmetic (KKT,FJ)
\calc@Acount=\count129
\calc@Bcount=\count130
\calc@Adimen=\dimen130
\calc@Bdimen=\dimen131
\calc@Askip=\skip47
\calc@Bskip=\skip48
LaTeX Info: Redefining \setlength on input line 80.
LaTeX Info: Redefining \addtolength on input line 81.
\calc@Ccount=\count131
\calc@Cskip=\skip49
)
("C:\Users\schwa\AppData\Local\Programs\MiKTeX 2.9\tex\latex\eso-pic\eso-pic.st
y"
Package: eso-pic 2018/04/12 v2.0h eso-pic (RN)
)
\AM@pagewidth=\dimen132
\AM@pageheight=\dimen133

("C:\Users\schwa\AppData\Local\Programs\MiKTeX 2.9\tex\latex\pdfpages\pppdftex.
def"
File: pppdftex.def 2017/10/31 v0.5l Pdfpages driver for pdfTeX (AM)
)
\AM@pagebox=\box30
\AM@global@opts=\toks22
\AM@toc@title=\toks23
\c@AM@survey=\count132
\AM@templatesizebox=\box31
)
("C:\Users\schwa\AppData\Local\Programs\MiKTeX 2.9\tex\latex\caption\subcaption
.sty"
Package: subcaption 2018/05/01 v1.1-162 Sub-captions (AR)
\c@subfigure=\count133
\c@subtable=\count134
)
("C:\Users\schwa\AppData\Local\Programs\MiKTeX 2.9\tex\generic\babel\babel.sty"
Package: babel 2018/06/05 3.22 The Babel package
("C:\Users\schwa\AppData\Local\Programs\MiKTeX 2.9\tex\generic\babel\switch.def
"
File: switch.def 2018/06/05 3.22 Babel switching mechanism
)
*************************************
* Local config file bblopts.cfg used
*
("C:\Users\schwa\AppData\Local\Programs\MiKTeX 2.9\tex\latex\arabi\bblopts.cfg"
File: bblopts.cfg 2005/09/08 v0.1 add Arabic and Farsi to "declared" options of
 babel
)
("C:\Users\schwa\AppData\Local\Programs\MiKTeX 2.9\tex\latex\babel-english\engl
ish.ldf"
Language: english 2017/06/06 v3.3r English support from the babel system

("C:\Users\schwa\AppData\Local\Programs\MiKTeX 2.9\tex\generic\babel\babel.def"
File: babel.def 2018/06/05 3.22 Babel common definitions
\babel@savecnt=\count135
\U@D=\dimen134

("C:\Users\schwa\AppData\Local\Programs\MiKTeX 2.9\tex\generic\babel\txtbabel.d
ef")
\bbl@dirlevel=\count136
)
\l@canadian = a dialect from \language\l@american 
\l@australian = a dialect from \language\l@british 
\l@newzealand = a dialect from \language\l@british 
))
("C:\Users\schwa\AppData\Local\Programs\MiKTeX 2.9\tex\latex\float\float.sty"
Package: float 2001/11/08 v1.3d Float enhancements (AL)
\c@float@type=\count137
\float@exts=\toks24
\float@box=\box32
\@float@everytoks=\toks25
\@floatcapt=\box33
)
("C:\Users\schwa\AppData\Local\Programs\MiKTeX 2.9\tex\latex\wrapfig\wrapfig.st
y"
\wrapoverhang=\dimen135
\WF@size=\dimen136
\c@WF@wrappedlines=\count138
\WF@box=\box34
\WF@everypar=\toks26
Package: wrapfig 2003/01/31  v 3.6
)
("C:\Users\schwa\AppData\Local\Programs\MiKTeX 2.9\tex\latex\biblatex\biblatex.
sty"
Package: biblatex 2018/03/04 v3.11 programmable bibliographies (PK/MW)

("C:\Users\schwa\AppData\Local\Programs\MiKTeX 2.9\tex\latex\etoolbox\etoolbox.
sty"
Package: etoolbox 2018/08/19 v2.5f e-TeX tools for LaTeX (JAW)
\etb@tempcnta=\count139
)
("C:\Users\schwa\AppData\Local\Programs\MiKTeX 2.9\tex\latex\logreq\logreq.sty"
Package: logreq 2010/08/04 v1.0 xml request logger
\lrq@indent=\count140
("C:\Users\schwa\AppData\Local\Programs\MiKTeX 2.9\tex\latex\logreq\logreq.def"
File: logreq.def 2010/08/04 v1.0 logreq spec v1.0
))
("C:\Users\schwa\AppData\Local\Programs\MiKTeX 2.9\tex\latex\xstring\xstring.st
y"
("C:\Users\schwa\AppData\Local\Programs\MiKTeX 2.9\tex\generic\xstring\xstring.
tex"
\@xs@message=\write3
\integerpart=\count141
\decimalpart=\count142
)
Package: xstring 2013/10/13  v1.7c  String manipulations (C Tellechea)
)
\c@tabx@nest=\count143
\c@listtotal=\count144
\c@listcount=\count145
\c@liststart=\count146
\c@liststop=\count147
\c@citecount=\count148
\c@citetotal=\count149
\c@multicitecount=\count150
\c@multicitetotal=\count151
\c@instcount=\count152
\c@maxnames=\count153
\c@minnames=\count154
\c@maxitems=\count155
\c@minitems=\count156
\c@citecounter=\count157
\c@savedcitecounter=\count158
\c@uniquelist=\count159
\c@uniquename=\count160
\c@refsection=\count161
\c@refsegment=\count162
\c@maxextratitle=\count163
\c@maxextratitleyear=\count164
\c@maxextradate=\count165
\c@maxextraalpha=\count166
\c@abbrvpenalty=\count167
\c@highnamepenalty=\count168
\c@lownamepenalty=\count169
\c@maxparens=\count170
\c@parenlevel=\count171
\blx@tempcnta=\count172
\blx@tempcntb=\count173
\blx@tempcntc=\count174
\blx@maxsection=\count175
\blx@maxsegment@0=\count176
\blx@notetype=\count177
\blx@parenlevel@text=\count178
\blx@parenlevel@foot=\count179
\blx@sectionciteorder@0=\count180
\labelnumberwidth=\skip50
\labelalphawidth=\skip51
\biblabelsep=\skip52
\bibitemsep=\skip53
\bibnamesep=\skip54
\bibinitsep=\skip55
\bibparsep=\skip56
\bibhang=\skip57
\blx@bcfin=\read1
\blx@bcfout=\write4
\c@mincomprange=\count181
\c@maxcomprange=\count182
\c@mincompwidth=\count183
Package biblatex Info: Trying to load biblatex default data model...
Package biblatex Info: ... file 'blx-dm.def' found.

("C:\Users\schwa\AppData\Local\Programs\MiKTeX 2.9\tex\latex\biblatex\blx-dm.de
f"
File: blx-dm.def 2018/03/04 v3.11 biblatex localization (PK/MW)
)
Package biblatex Info: Trying to load biblatex style data model...
Package biblatex Info: ... file 'ieee.dbx' not found.
Package biblatex Info: Trying to load biblatex custom data model...
Package biblatex Info: ... file 'biblatex-dm.cfg' not found.
\c@afterword=\count184
\c@savedafterword=\count185
\c@annotator=\count186
\c@savedannotator=\count187
\c@author=\count188
\c@savedauthor=\count189
\c@bookauthor=\count190
\c@savedbookauthor=\count191
\c@commentator=\count192
\c@savedcommentator=\count193
\c@editor=\count194
\c@savededitor=\count195
\c@editora=\count196
\c@savededitora=\count197
\c@editorb=\count198
\c@savededitorb=\count199
\c@editorc=\count266
\c@savededitorc=\count267
\c@foreword=\count268
\c@savedforeword=\count269
\c@holder=\count270
\c@savedholder=\count271
\c@introduction=\count272
\c@savedintroduction=\count273
\c@namea=\count274
\c@savednamea=\count275
\c@nameb=\count276
\c@savednameb=\count277
\c@namec=\count278
\c@savednamec=\count279
\c@translator=\count280
\c@savedtranslator=\count281
\c@shortauthor=\count282
\c@savedshortauthor=\count283
\c@shorteditor=\count284
\c@savedshorteditor=\count285
\c@labelname=\count286
\c@savedlabelname=\count287
\c@institution=\count288
\c@savedinstitution=\count289
\c@lista=\count290
\c@savedlista=\count291
\c@listb=\count292
\c@savedlistb=\count293
\c@listc=\count294
\c@savedlistc=\count295
\c@listd=\count296
\c@savedlistd=\count297
\c@liste=\count298
\c@savedliste=\count299
\c@listf=\count300
\c@savedlistf=\count301
\c@location=\count302
\c@savedlocation=\count303
\c@organization=\count304
\c@savedorganization=\count305
\c@origlocation=\count306
\c@savedoriglocation=\count307
\c@origpublisher=\count308
\c@savedorigpublisher=\count309
\c@publisher=\count310
\c@savedpublisher=\count311
\c@language=\count312
\c@savedlanguage=\count313
\c@origlanguage=\count314
\c@savedoriglanguage=\count315
\c@pageref=\count316
\c@savedpageref=\count317
\shorthandwidth=\skip58
\shortjournalwidth=\skip59
\shortserieswidth=\skip60
\shorttitlewidth=\skip61
\shortauthorwidth=\skip62
\shorteditorwidth=\skip63
\locallabelnumberwidth=\skip64
\locallabelalphawidth=\skip65
\localshorthandwidth=\skip66
\localshortjournalwidth=\skip67
\localshortserieswidth=\skip68
\localshorttitlewidth=\skip69
\localshortauthorwidth=\skip70
\localshorteditorwidth=\skip71
Package biblatex Info: Trying to load compatibility code...
Package biblatex Info: ... file 'blx-compat.def' found.

("C:\Users\schwa\AppData\Local\Programs\MiKTeX 2.9\tex\latex\biblatex\blx-compa
t.def"
File: blx-compat.def 2018/03/04 v3.11 biblatex compatibility (PK/MW)
)
Package biblatex Info: Trying to load generic definitions...
Package biblatex Info: ... file 'biblatex.def' found.

("C:\Users\schwa\AppData\Local\Programs\MiKTeX 2.9\tex\latex\biblatex\biblatex.
def"
File: biblatex.def 2018/03/04 v3.11 biblatex compatibility (PK/MW)
\c@textcitecount=\count318
\c@textcitetotal=\count319
\c@textcitemaxnames=\count320
\c@biburlnumpenalty=\count321
\c@biburlucpenalty=\count322
\c@biburllcpenalty=\count323
\c@smartand=\count324
)
Package biblatex Info: Trying to load bibliography style 'ieee'...
Package biblatex Info: ... file 'ieee.bbx' found.

("C:\Users\schwa\AppData\Local\Programs\MiKTeX 2.9\tex\latex\biblatex-ieee\ieee
.bbx"
File: ieee.bbx 2018/08/20 v1.3 biblatex bibliography style
Package biblatex Info: Trying to load bibliography style 'numeric-comp'...
Package biblatex Info: ... file 'numeric-comp.bbx' found.

("C:\Users\schwa\AppData\Local\Programs\MiKTeX 2.9\tex\latex\biblatex\bbx\numer
ic-comp.bbx"
File: numeric-comp.bbx 2018/03/04 v3.11 biblatex bibliography style (PK/MW)
Package biblatex Info: Trying to load bibliography style 'numeric'...
Package biblatex Info: ... file 'numeric.bbx' found.

("C:\Users\schwa\AppData\Local\Programs\MiKTeX 2.9\tex\latex\biblatex\bbx\numer
ic.bbx"
File: numeric.bbx 2018/03/04 v3.11 biblatex bibliography style (PK/MW)
Package biblatex Info: Trying to load bibliography style 'standard'...
Package biblatex Info: ... file 'standard.bbx' found.

("C:\Users\schwa\AppData\Local\Programs\MiKTeX 2.9\tex\latex\biblatex\bbx\stand
ard.bbx"
File: standard.bbx 2018/03/04 v3.11 biblatex bibliography style (PK/MW)
\c@bbx:relatedcount=\count325
\c@bbx:relatedtotal=\count326
))))
Package biblatex Info: Trying to load citation style 'numeric'...
Package biblatex Info: ... file 'numeric.cbx' found.

("C:\Users\schwa\AppData\Local\Programs\MiKTeX 2.9\tex\latex\biblatex\cbx\numer
ic.cbx"
File: numeric.cbx 2018/03/04 v3.11 biblatex citation style (PK/MW)
Package biblatex Info: Redefining '\cite'.
Package biblatex Info: Redefining '\parencite'.
Package biblatex Info: Redefining '\footcite'.
Package biblatex Info: Redefining '\footcitetext'.
Package biblatex Info: Redefining '\smartcite'.
Package biblatex Info: Redefining '\supercite'.
Package biblatex Info: Redefining '\textcite'.
Package biblatex Info: Redefining '\textcites'.
Package biblatex Info: Redefining '\cites'.
Package biblatex Info: Redefining '\parencites'.
Package biblatex Info: Redefining '\smartcites'.
)
Package biblatex Info: Trying to load configuration file...
Package biblatex Info: ... file 'biblatex.cfg' found.

("C:\Users\schwa\AppData\Local\Programs\MiKTeX 2.9\tex\latex\biblatex\biblatex.
cfg"
File: biblatex.cfg 
))
("C:\Users\schwa\AppData\Local\Programs\MiKTeX 2.9\tex\latex\listings\lstlang1.
sty"
File: lstlang1.sty 2018/09/02 1.7 listings language file
)
("C:\Users\schwa\AppData\Local\Programs\MiKTeX 2.9\tex\latex\listings\lstlang1.
sty"
File: lstlang1.sty 2018/09/02 1.7 listings language file
)

Package biblatex Warning: File 'english-ieee.lbx' not found!
(biblatex)                Ignoring mapping 'english' -> 'english-ieee'.

Package biblatex Info: Trying to load language 'english'...
Package biblatex Info: ... file 'english.lbx' found.

("C:\Users\schwa\AppData\Local\Programs\MiKTeX 2.9\tex\latex\biblatex\lbx\engli
sh.lbx"
File: english.lbx 2018/03/04 v3.11 biblatex localization (PK/MW)
)

Package biblatex Warning: 'babel/polyglossia' detected but 'csquotes' missing.
(biblatex)                Loading 'csquotes' recommended.

\@quotelevel=\count327
\@quotereset=\count328
(reportLab11Python.aux (02_sections/Appendix.aux))
\openout1 = `reportLab11Python.aux'.

LaTeX Font Info:    Checking defaults for OML/cmm/m/it on input line 130.
LaTeX Font Info:    ... okay on input line 130.
LaTeX Font Info:    Checking defaults for T1/cmr/m/n on input line 130.
LaTeX Font Info:    ... okay on input line 130.
LaTeX Font Info:    Checking defaults for OT1/cmr/m/n on input line 130.
LaTeX Font Info:    ... okay on input line 130.
LaTeX Font Info:    Checking defaults for OMS/cmsy/m/n on input line 130.
LaTeX Font Info:    ... okay on input line 130.
LaTeX Font Info:    Checking defaults for OMX/cmex/m/n on input line 130.
LaTeX Font Info:    ... okay on input line 130.
LaTeX Font Info:    Checking defaults for U/cmr/m/n on input line 130.
LaTeX Font Info:    ... okay on input line 130.
LaTeX Font Info:    Checking defaults for PD1/pdf/m/n on input line 130.
LaTeX Font Info:    ... okay on input line 130.
\AtBeginShipoutBox=\box35
Package hyperref Info: Link coloring OFF on input line 130.

("C:\Users\schwa\AppData\Local\Programs\MiKTeX 2.9\tex\latex\hyperref\nameref.s
ty"
Package: nameref 2016/05/21 v2.44 Cross-referencing by name of section

("C:\Users\schwa\AppData\Local\Programs\MiKTeX 2.9\tex\generic\oberdiek\gettitl
estring.sty"
Package: gettitlestring 2016/05/16 v1.5 Cleanup title references (HO)
)
\c@section@level=\count329
)
LaTeX Info: Redefining \ref on input line 130.
LaTeX Info: Redefining \pageref on input line 130.
LaTeX Info: Redefining \nameref on input line 130.
 (reportLab11Python.out) (reportLab11Python.out)
\@outlinefile=\write5
\openout5 = `reportLab11Python.out'.


("C:\Users\schwa\AppData\Local\Programs\MiKTeX 2.9\tex\context\base\supp-pdf.mk
ii"
[Loading MPS to PDF converter (version 2006.09.02).]
\scratchcounter=\count330
\scratchdimen=\dimen137
\scratchbox=\box36
\nofMPsegments=\count331
\nofMParguments=\count332
\everyMPshowfont=\toks27
\MPscratchCnt=\count333
\MPscratchDim=\dimen138
\MPnumerator=\count334
\makeMPintoPDFobject=\count335
\everyMPtoPDFconversion=\toks28
)
("C:\Users\schwa\AppData\Local\Programs\MiKTeX 2.9\tex\latex\oberdiek\epstopdf-
base.sty"
Package: epstopdf-base 2016/05/15 v2.6 Base part for package epstopdf

("C:\Users\schwa\AppData\Local\Programs\MiKTeX 2.9\tex\latex\oberdiek\grfext.st
y"
Package: grfext 2016/05/16 v1.2 Manage graphics extensions (HO)
)
Package epstopdf-base Info: Redefining graphics rule for `.eps' on input line 4
38.
Package grfext Info: Graphics extension search list:
(grfext)             [.pdf,.png,.jpg,.mps,.jpeg,.jbig2,.jb2,.PDF,.PNG,.JPG,.JPE
G,.JBIG2,.JB2,.eps]
(grfext)             \AppendGraphicsExtensions on input line 456.
)
\c@lstlisting=\count336
Package caption Info: Begin \AtBeginDocument code.
Package caption Info: float package is loaded.
Package caption Info: wrapfig package is loaded.
Package caption Info: End \AtBeginDocument code.

*geometry* driver: auto-detecting
*geometry* detected driver: pdftex
*geometry* verbose mode - [ preamble ] result:
* driver: pdftex
* paper: letterpaper
* layout: <same size as paper>
* layoutoffset:(h,v)=(0.0pt,0.0pt)
* modes: 
* h-part:(L,W,R)=(72.26999pt, 469.75502pt, 72.26999pt)
* v-part:(T,H,B)=(72.26999pt, 650.43001pt, 72.26999pt)
* \paperwidth=614.295pt
* \paperheight=794.96999pt
* \textwidth=469.75502pt
* \textheight=650.43001pt
* \oddsidemargin=0.0pt
* \evensidemargin=0.0pt
* \topmargin=-37.0pt
* \headheight=12.0pt
* \headsep=25.0pt
* \topskip=10.0pt
* \footskip=30.0pt
* \marginparwidth=65.0pt
* \marginparsep=11.0pt
* \columnsep=10.0pt
* \skip\footins=9.0pt plus 4.0pt minus 2.0pt
* \hoffset=0.0pt
* \voffset=0.0pt
* \mag=1000
* \@twocolumnfalse
* \@twosidefalse
* \@mparswitchfalse
* \@reversemarginfalse
* (1in=72.27pt=25.4mm, 1cm=28.453pt)


("C:\Users\schwa\AppData\Local\Programs\MiKTeX 2.9\tex\latex\oberdiek\pdflscape
.sty"
Package: pdflscape 2016/05/14 v0.11 Display of landscape pages in PDF (HO)

("C:\Users\schwa\AppData\Local\Programs\MiKTeX 2.9\tex\latex\graphics\lscape.st
y"
Package: lscape 2000/10/22 v3.01 Landscape Pages (DPC)
)
Package pdflscape Info: Auto-detected driver: pdftex on input line 81.
)
Package biblatex Info: Input encoding 'utf8' detected.
Package biblatex Info: Automatic encoding selection.
(biblatex)             Assuming data encoding 'utf8'.
\openout4 = `reportLab11Python.bcf'.

Package biblatex Info: Trying to load bibliographic data...
Package biblatex Info: ... file 'reportLab11Python.bbl' found.
 (reportLab11Python.bbl)
Package biblatex Info: Reference section=0 on input line 130.
Package biblatex Info: Reference segment=0 on input line 130.
<01_images/gvsu_logo_marktop_SEPCEC_K_R.png, id=43, 969.6225pt x 755.82375pt>
File: 01_images/gvsu_logo_marktop_SEPCEC_K_R.png Graphic file (type png)
<use 01_images/gvsu_logo_marktop_SEPCEC_K_R.png>
Package pdftex.def Info: 01_images/gvsu_logo_marktop_SEPCEC_K_R.png  used on in
put line 132.
(pdftex.def)             Requested size: 193.92107pt x 151.16206pt.
LaTeX Font Info:    External font `cmex10' loaded for size
(Font)              <12> on input line 132.
LaTeX Font Info:    External font `cmex10' loaded for size
(Font)              <8> on input line 132.
LaTeX Font Info:    External font `cmex10' loaded for size
(Font)              <6> on input line 132.
LaTeX Font Info:    Try loading font information for U+wasy on input line 132.

("C:\Users\schwa\AppData\Local\Programs\MiKTeX 2.9\tex\latex\wasysym\uwasy.fd"
File: uwasy.fd 2003/10/30 v2.0 Wasy-2 symbol font definitions
) [1

{C:/Users/schwa/AppData/Local/MiKTeX/2.9/pdftex/config/pdftex.map} <./01_images
/gvsu_logo_marktop_SEPCEC_K_R.png>] (reportLab11Python.toc
LaTeX Font Info:    External font `cmex10' loaded for size
(Font)              <7> on input line 8.
LaTeX Font Info:    External font `cmex10' loaded for size
(Font)              <5> on input line 8.
)
\tf@toc=\write6
\openout6 = `reportLab11Python.toc'.


(reportLab11Python.lof)
\tf@lof=\write7
\openout7 = `reportLab11Python.lof'.

 (reportLab11Python.lol)
\tf@lol=\write8
\openout8 = `reportLab11Python.lol'.

 [2]
(02_sections/Introduction.tex) (02_sections/Design.tex
Underfull \hbox (badness 10000) in paragraph at lines 5--7

 []

LaTeX Font Info:    Try loading font information for OMS+cmr on input line 8.
("C:\Users\schwa\AppData\Local\Programs\MiKTeX 2.9\tex\latex\base\omscmr.fd"
File: omscmr.fd 2014/09/29 v2.5h Standard LaTeX font definitions
)
LaTeX Font Info:    Font shape `OMS/cmr/m/n' in size <10> not available
(Font)              Font shape `OMS/cmsy/m/n' tried instead on input line 8.

Underfull \hbox (badness 10000) in paragraph at lines 8--9

 []


Underfull \hbox (badness 10000) in paragraph at lines 10--11

 []


Underfull \hbox (badness 10000) in paragraph at lines 12--13

 []


Underfull \hbox (badness 10000) in paragraph at lines 14--15

 []


Underfull \hbox (badness 10000) in paragraph at lines 16--17

 []


Underfull \hbox (badness 10000) in paragraph at lines 18--19

 []


("C:\Users\schwa\AppData\Local\Programs\MiKTeX 2.9\tex\latex\listings\lstlang1.
sty"
File: lstlang1.sty 2018/09/02 1.7 listings language file
)
Package hyperref Info: bookmark level for unknown lstlisting defaults to 0 on i
nput line 22.
LaTeX Font Info:    Font shape `OMS/cmr/m/n' in size <8> not available
(Font)              Font shape `OMS/cmsy/m/n' tried instead on input line 27.
<01_images/p1_terminal_cp.png, id=102, 599.23875pt x 237.13594pt>
File: 01_images/p1_terminal_cp.png Graphic file (type png)
<use 01_images/p1_terminal_cp.png>
Package pdftex.def Info: 01_images/p1_terminal_cp.png  used on input line 39.
(pdftex.def)             Requested size: 469.75502pt x 185.89882pt.
 [3]
Overfull \hbox (6.79999pt too wide) in paragraph at lines 45--47
[]
 []

<01_images/p1_gui.png, id=118, 678.28406pt x 295.85532pt>
File: 01_images/p1_gui.png Graphic file (type png)
<use 01_images/p1_gui.png>
Package pdftex.def Info: 01_images/p1_gui.png  used on input line 86.
(pdftex.def)             Requested size: 469.75502pt x 204.89879pt.
[4 <./01_images/p1_terminal_cp.png>]
<01_images/p2_gui.png, id=159, 259.7203pt x 67.0003pt>
File: 01_images/p2_gui.png Graphic file (type png)
<use 01_images/p2_gui.png>
Package pdftex.def Info: 01_images/p2_gui.png  used on input line 102.
(pdftex.def)             Requested size: 281.85587pt x 72.70988pt.
 [5 <./01_images/p1_gui.png>])
(02_sections/Conclusion.tex) [6 <./01_images/p2_gui.png>]
\openout2 = `02_sections/Appendix.aux'.


(02_sections/Appendix.tex
("C:\Users\schwa\AppData\Local\Programs\MiKTeX 2.9\tex\latex\base\latin1.def"
File: latin1.def 2018/04/06 v1.3b Input encoding file
)
(03_listings/__init__.py [7

]) (03_listings/base.py [8]) [9]
(03_listings/myrgbled.py [10] [11] [12] [13] [14])
(03_listings/LED_ctrl_myrgbled.py [15] [16] [17] [18])
(03_listings/LEDBar_Grove.py [19]) (03_listings/MusicSynthesizer.md [20]
[21] [22] [23] [24] [25] [26])) [27]

LaTeX Warning: Empty bibliography on input line 149.

Package atveryend Info: Empty hook `BeforeClearDocument' on input line 150.
Package atveryend Info: Empty hook `AfterLastShipout' on input line 150.
(reportLab11Python.aux (02_sections/Appendix.aux))
Package atveryend Info: Executing hook `AtVeryEndDocument' on input line 150.
Package atveryend Info: Executing hook `AtEndAfterFileList' on input line 150.
Package rerunfilecheck Info: File `reportLab11Python.out' has not changed.
(rerunfilecheck)             Checksum: ECD92932C86B3ED49ECBACED50F7794E;694.
Package logreq Info: Writing requests to 'reportLab11Python.run.xml'.
\openout1 = `reportLab11Python.run.xml'.

Package atveryend Info: Empty hook `AtVeryVeryEnd' on input line 150.
 ) 
Here is how much of TeX's memory you used:
 19778 strings out of 492973
 317551 string characters out of 3126692
 1037876 words of memory out of 3000000
 21975 multiletter control sequences out of 15000+200000
 14578 words of font info for 38 fonts, out of 3000000 for 9000
 1141 hyphenation exceptions out of 8191
 41i,7n,49p,963b,2049s stack positions out of 5000i,500n,10000p,200000b,50000s
 <C:\Users\schwa\AppData\Local\MiKTeX\2.9\fonts\pk\ljfour\jknappen\ec\dpi600\
ecrm0800.pk> <C:\Users\schwa\AppData\Local\MiKTeX\2.9\fonts\pk\ljfour\jknappen\
ec\dpi600\ecrm0500.pk> <C:\Users\schwa\AppData\Local\MiKTeX\2.9\fonts\pk\ljfour
\jknappen\ec\dpi600\ecbx1200.pk> <C:\Users\schwa\AppData\Local\MiKTeX\2.9\fonts
\pk\ljfour\jknappen\ec\dpi600\ecrm1000.pk> <C:\Users\schwa\AppData\Local\MiKTeX
\2.9\fonts\pk\ljfour\jknappen\ec\dpi600\ecbx1000.pk> <C:\Users\schwa\AppData\Lo
cal\MiKTeX\2.9\fonts\pk\ljfour\jknappen\ec\dpi600\ecbx1440.pk> <C:\Users\schwa\
AppData\Local\MiKTeX\2.9\fonts\pk\ljfour\jknappen\ec\dpi600\ecrm1200.pk> <C:\Us
ers\schwa\AppData\Local\MiKTeX\2.9\fonts\pk\ljfour\jknappen\ec\dpi600\ecrm1728.
pk><C:/Users/schwa/AppData/Local/Programs/MiKTeX 2.9/fonts/type1/public/amsfont
s/cm/cmr6.pfb><C:/Users/schwa/AppData/Local/Programs/MiKTeX 2.9/fonts/type1/pub
lic/amsfonts/cm/cmsy10.pfb><C:/Users/schwa/AppData/Local/Programs/MiKTeX 2.9/fo
nts/type1/public/amsfonts/cm/cmsy8.pfb>
Output written on reportLab11Python.pdf (27 pages, 520342 bytes).
PDF statistics:
 2232 PDF objects out of 2487 (max. 8388607)
 1407 named destinations out of 1440 (max. 500000)
 101 words of extra memory for PDF output out of 10000 (max. 10000000)

