Unable to capture context for thread 17260 in process 6740, can not generate back trace
Exception at PC 0x00007FFC3703BB93
Printing stacktrace...

[0]  [0x00007FFC3703BB93]
[1]  [0x00007FFC3703BB93]
[2]  [0x00007FFC3703B4A1]
[3]  [0x00007FFC3703B3EF]
[4]  [0x00007FFC370219FE]
[5]  [0x00007FFC37020ED1]
[6]  [0x00007FFC37020D76]
[7]  [0x00007FFC36FC79F6]
[8]  [0x00007FFC36FB7AFB]
[9]  [0x00007FFC370DE90A]
[10]  [0x00007FFC370F9F87]
[11]  [0x00007FFC370FA05F]
[12] (BaseThreadInitThunk+0x14) [0x00007FFCB9CA3034]
[13] (RtlUserThreadStart+0x21) [0x00007FFCBA581431]
Done
Exception at PC 0x00007FFC36D41A52
Attemped to write at address 0x00007FFC7F47ABA4
Printing stacktrace...

[0]  [0x00007FFC36D41A52]
[1]  [0x00007FFC36D41A52]
[2]  [0x00007FFC36D41AD4]
[3]  [0x00007FFC36E83FF7]
[4]  [0x00007FFC36D69128]
[5]  [0x00007FFC3701DFB9]
[6]  [0x00007FFC371EEF23]
[7]  [0x00007FFC370FB06B]
[8]  [0x00007FFC370F08AF]
[9]  [0x00007FFC370F0A32]
[10] (RtlActivateActivationContextUnsafeFast+0x123) [0x00007FFCBA544023]
[11] (LdrShutdownProcess+0x125) [0x00007FFCBA5509D5]
[12] (RtlExitUserProcess+0xd8) [0x00007FFCBA550898]
[13] (FatalExit+0xa) [0x00007FFCB9CAB19A]
[14] (exit+0x75) [0x00007FFCB9A49CE5]
[15] (initterm_e+0x235) [0x00007FFCB9A4A345]
[16]  [0x00000000004014CD]
[17]  [0x000000000040151B]
[18] (BaseThreadInitThunk+0x14) [0x00007FFCB9CA3034]
[19] (RtlUserThreadStart+0x21) [0x00007FFCBA581431]
Done
