Unable to capture context for thread 22928 in process 9100, can not generate back trace
Exception at PC 0x00007FFEE1A0BB93
Printing stacktrace...

[0]  [0x00007FFEE1A0BB93]
[1]  [0x00007FFEE1A0BB93]
[2]  [0x00007FFEE1A0B4A1]
[3]  [0x00007FFEE1A0B3EF]
[4]  [0x00007FFEE19F19FE]
[5]  [0x00007FFEE19F0ED1]
[6]  [0x00007FFEE19F0D76]
[7]  [0x00007FFEE19979F6]
[8]  [0x00007FFEE1987AFB]
[9]  [0x00007FFEE1AAE90A]
[10]  [0x00007FFEE1AC9F87]
[11]  [0x00007FFEE1ACA05F]
[12] (BaseThreadInitThunk+0x14) [0x00007FFF57953034]
[13] (RtlUserThreadStart+0x21) [0x00007FFF57E81461]
Done
Exception at PC 0x00007FFEE1711A52
Attemped to write at address 0x00007FFF2418ABA4
Printing stacktrace...

[0]  [0x00007FFEE1711A52]
[1]  [0x00007FFEE1711A52]
[2]  [0x00007FFEE1711AD4]
[3]  [0x00007FFEE1853FF7]
[4]  [0x00007FFEE1739128]
[5]  [0x00007FFEE19EDFB9]
[6]  [0x00007FFEE1BBEF23]
[7]  [0x00007FFEE1ACB06B]
[8]  [0x00007FFEE1AC08AF]
[9]  [0x00007FFEE1AC0A32]
[10] (RtlActivateActivationContextUnsafeFast+0x123) [0x00007FFF57E44053]
[11] (LdrShutdownProcess+0x125) [0x00007FFF57E50A05]
[12] (RtlExitUserProcess+0xd8) [0x00007FFF57E508C8]
[13] (FatalExit+0xa) [0x00007FFF5795B19A]
[14] (exit+0x75) [0x00007FFF55699CE5]
[15] (initterm_e+0x235) [0x00007FFF5569A345]
[16]  [0x00000000004014CD]
[17]  [0x000000000040151B]
[18] (BaseThreadInitThunk+0x14) [0x00007FFF57953034]
[19] (RtlUserThreadStart+0x21) [0x00007FFF57E81461]
Done
